Basic/build/outputs/logs/manifest-merger-debug-report.txt
-- Merging decision tree log ---
manifest
ADDED from src/main/AndroidManifest.xml:2:1-100:12
	package
		ADDED from src/main/AndroidManifest.xml:3:5-51
		INJECTED from src/main/AndroidManifest.xml
		INJECTED from src/main/AndroidManifest.xml
	android:versionName
		INJECTED from src/main/AndroidManifest.xml
		INJECTED from src/main/AndroidManifest.xml
	xmlns:android
		ADDED from src/main/AndroidManifest.xml:2:11-69
	android:versionCode
		INJECTED from src/main/AndroidManifest.xml
		INJECTED from src/main/AndroidManifest.xml
uses-permission#android.permission.WRITE_EXTERNAL_STORAGE
ADDED from src/main/AndroidManifest.xml:5:5-81
MERGED from [org.osmdroid:osmdroid-android:5.6.4] AndroidManifest.xml:21:5-81
	android:name
		ADDED from src/main/AndroidManifest.xml:5:22-78
uses-permission#android.permission.ACCESS_FINE_LOCATION
ADDED from src/main/AndroidManifest.xml:6:5-79
MERGED from [org.osmdroid:osmdroid-android:5.6.4] AndroidManifest.xml:16:5-79
	android:name
		ADDED from src/main/AndroidManifest.xml:6:22-76
uses-permission#android.permission.DOWNLOAD_WITHOUT_NOTIFICATION
ADDED from src/main/AndroidManifest.xml:7:5-88
	android:name
		ADDED from src/main/AndroidManifest.xml:7:22-85
uses-permission#android.permission.INTERNET
ADDED from src/main/AndroidManifest.xml:8:5-67
MERGED from [com.indooratlas.android:indooratlas-android-sdk:2.4.2] AndroidManifest.xml:12:5-67
MERGED from [com.google.android.gms:play-services-maps:11.0.4] AndroidManifest.xml:20:5-66
MERGED from [org.osmdroid:osmdroid-android:5.6.4] AndroidManifest.xml:20:5-67
	android:name
		ADDED from src/main/AndroidManifest.xml:8:22-64
uses-permission#android.permission.BLUETOOTH
ADDED from src/main/AndroidManifest.xml:9:5-68
	android:name
		ADDED from src/main/AndroidManifest.xml:9:22-65
uses-permission#android.permission.BLUETOOTH_ADMIN
ADDED from src/main/AndroidManifest.xml:10:5-74
	android:name
		ADDED from src/main/AndroidManifest.xml:10:22-71
uses-feature#0x00020000
ADDED from src/main/AndroidManifest.xml:12:5-14:34
MERGED from [com.google.android.gms:play-services-maps:11.0.4] AndroidManifest.xml:21:5-77
	android:glEsVersion
		ADDED from src/main/AndroidManifest.xml:13:9-41
	android:required
		ADDED from src/main/AndroidManifest.xml:14:9-32
application
ADDED from src/main/AndroidManifest.xml:16:5-98:19
MERGED from [com.indooratlas.android:indooratlas-android-sdk:2.4.2] AndroidManifest.xml:30:5-34:19
MERGED from [com.google.android.gms:play-services-maps:11.0.4] AndroidManifest.xml:24:5-19
MERGED from [com.google.android.gms:play-services-base:11.0.4] AndroidManifest.xml:18:5-20:19
MERGED from [com.google.android.gms:play-services-tasks:11.0.4] AndroidManifest.xml:4:5-19
MERGED from [com.google.android.gms:play-services-basement:11.0.4] AndroidManifest.xml:19:5-21:19
MERGED from [com.google.maps.android:android-maps-utils:0.5] AndroidManifest.xml:7:5-11:19
MERGED from [com.android.support:design:25.3.1] AndroidManifest.xml:29:5-20
MERGED from [com.android.support:appcompat-v7:25.3.1] AndroidManifest.xml:29:5-20
MERGED from [com.android.support:animated-vector-drawable:25.3.1] AndroidManifest.xml:26:5-20
MERGED from [com.android.support:support-vector-drawable:25.3.1] AndroidManifest.xml:26:5-20
MERGED from [com.android.support:transition:25.3.1] AndroidManifest.xml:26:5-20
MERGED from [com.github.MKergall:osmbonuspack:6.2] AndroidManifest.xml:11:5-20
MERGED from [com.android.support:support-v4:25.3.1] AndroidManifest.xml:29:5-20
MERGED from [com.android.support:support-fragment:25.3.1] AndroidManifest.xml:29:5-20
MERGED from [com.android.support:support-media-compat:25.3.1] AndroidManifest.xml:29:5-20
MERGED from [com.android.support:support-core-ui:25.3.1] AndroidManifest.xml:29:5-20
MERGED from [com.android.support:support-core-utils:25.3.1] AndroidManifest.xml:29:5-20
MERGED from [com.android.support:support-compat:25.3.1] AndroidManifest.xml:29:5-20
	android:label
		ADDED from src/main/AndroidManifest.xml:19:9-41
	android:allowBackup
		ADDED from src/main/AndroidManifest.xml:17:9-35
	android:icon
		ADDED from src/main/AndroidManifest.xml:18:9-45
	android:theme
		ADDED from src/main/AndroidManifest.xml:20:9-40
meta-data#com.google.android.gms.version
ADDED from src/main/AndroidManifest.xml:21:9-23:69
MERGED from [com.google.android.gms:play-services-basement:11.0.4] AndroidManifest.xml:20:9-121
MERGED from [com.google.maps.android:android-maps-utils:0.5] AndroidManifest.xml:8:9-10:69
	android:value
		ADDED from src/main/AndroidManifest.xml:23:13-66
	android:name
		ADDED from src/main/AndroidManifest.xml:22:13-58
meta-data#com.google.android.maps.v2.API_KEY
ADDED from src/main/AndroidManifest.xml:24:9-26:55
	android:value
		ADDED from src/main/AndroidManifest.xml:26:13-52
	android:name
		ADDED from src/main/AndroidManifest.xml:25:13-62
meta-data#com.indooratlas.android.sdk.API_KEY
ADDED from src/main/AndroidManifest.xml:27:9-29:59
	android:value
		ADDED from src/main/AndroidManifest.xml:29:13-56
	android:name
		ADDED from src/main/AndroidManifest.xml:28:13-63
meta-data#com.indooratlas.android.sdk.API_SECRET
ADDED from src/main/AndroidManifest.xml:30:9-32:62
	android:value
		ADDED from src/main/AndroidManifest.xml:32:13-59
	android:name
		ADDED from src/main/AndroidManifest.xml:31:13-66
activity#com.indooratlas.android.sdk.examples.ListExamplesActivity
ADDED from src/main/AndroidManifest.xml:34:9-42:20
	android:label
		ADDED from src/main/AndroidManifest.xml:36:13-45
	android:name
		ADDED from src/main/AndroidManifest.xml:35:13-49
intent-filter#android.intent.action.MAIN+android.intent.category.LAUNCHER
ADDED from src/main/AndroidManifest.xml:37:13-41:29
action#android.intent.action.MAIN
ADDED from src/main/AndroidManifest.xml:38:17-69
	android:name
		ADDED from src/main/AndroidManifest.xml:38:25-66
category#android.intent.category.LAUNCHER
ADDED from src/main/AndroidManifest.xml:40:17-77
	android:name
		ADDED from src/main/AndroidManifest.xml:40:27-74
activity#com.indooratlas.android.sdk.examples.simple.SimpleActivity
ADDED from src/main/AndroidManifest.xml:43:9-46:60
	android:label
		ADDED from src/main/AndroidManifest.xml:46:13-57
	android:configChanges
		ADDED from src/main/AndroidManifest.xml:45:13-59
	android:name
		ADDED from src/main/AndroidManifest.xml:44:13-50
activity#com.indooratlas.android.sdk.examples.imageview.ImageViewActivity
ADDED from src/main/AndroidManifest.xml:47:9-50:52
	android:screenOrientation
		ADDED from src/main/AndroidManifest.xml:50:13-49
	android:label
		ADDED from src/main/AndroidManifest.xml:49:13-60
	android:name
		ADDED from src/main/AndroidManifest.xml:48:13-56
activity#com.indooratlas.android.sdk.examples.googlemaps.MapsActivity
ADDED from src/main/AndroidManifest.xml:51:9-54:52
	android:screenOrientation
		ADDED from src/main/AndroidManifest.xml:54:13-49
	android:label
		ADDED from src/main/AndroidManifest.xml:53:13-67
	android:name
		ADDED from src/main/AndroidManifest.xml:52:13-52
activity#com.indooratlas.android.sdk.examples.mapsoverlay.MapsOverlayActivity
ADDED from src/main/AndroidManifest.xml:55:9-58:52
	android:screenOrientation
		ADDED from src/main/AndroidManifest.xml:58:13-49
	android:label
		ADDED from src/main/AndroidManifest.xml:57:13-69
	android:name
		ADDED from src/main/AndroidManifest.xml:56:13-60
activity#com.indooratlas.android.sdk.examples.sharelocation.ShareLocationActivity
ADDED from src/main/AndroidManifest.xml:59:9-62:67
	android:label
		ADDED from src/main/AndroidManifest.xml:62:13-64
	android:configChanges
		ADDED from src/main/AndroidManifest.xml:61:13-59
	android:name
		ADDED from src/main/AndroidManifest.xml:60:13-64
activity#com.indooratlas.android.sdk.examples.credentials.CredentialsFromCodeActivity
ADDED from src/main/AndroidManifest.xml:63:9-65:65
	android:label
		ADDED from src/main/AndroidManifest.xml:65:13-62
	android:name
		ADDED from src/main/AndroidManifest.xml:64:13-68
activity#com.indooratlas.android.sdk.examples.regions.RegionsActivity
ADDED from src/main/AndroidManifest.xml:66:9-69:61
	android:label
		ADDED from src/main/AndroidManifest.xml:69:13-58
	android:configChanges
		ADDED from src/main/AndroidManifest.xml:68:13-59
	android:name
		ADDED from src/main/AndroidManifest.xml:67:13-52
activity#com.indooratlas.android.sdk.examples.background.BackgroundActivity
ADDED from src/main/AndroidManifest.xml:70:9-72:64
	android:label
		ADDED from src/main/AndroidManifest.xml:72:13-61
	android:name
		ADDED from src/main/AndroidManifest.xml:71:13-58
activity#com.indooratlas.android.sdk.examples.orientation.OrientationActivity
ADDED from src/main/AndroidManifest.xml:73:9-76:51
	android:screenOrientation
		ADDED from src/main/AndroidManifest.xml:76:13-49
	android:label
		ADDED from src/main/AndroidManifest.xml:75:13-62
	android:name
		ADDED from src/main/AndroidManifest.xml:74:13-60
service#com.indooratlas.android.sdk.examples.background.LocationStoreService
ADDED from src/main/AndroidManifest.xml:78:9-80:48
	android:exported
		ADDED from src/main/AndroidManifest.xml:80:13-37
	android:name
		ADDED from src/main/AndroidManifest.xml:79:13-60
activity#com.indooratlas.android.sdk.examples.osmdroid.OpenStreetMapOverlay
ADDED from src/main/AndroidManifest.xml:82:9-86:20
	android:screenOrientation
		ADDED from src/main/AndroidManifest.xml:85:13-49
	android:label
		ADDED from src/main/AndroidManifest.xml:84:13-62
	android:name
		ADDED from src/main/AndroidManifest.xml:83:13-58
provider#android.support.v4.content.FileProvider
ADDED from src/main/AndroidManifest.xml:88:9-96:20
	android:authorities
		ADDED from src/main/AndroidManifest.xml:90:13-84
	android:grantUriPermissions
		ADDED from src/main/AndroidManifest.xml:92:13-47
	android:exported
		ADDED from src/main/AndroidManifest.xml:91:13-37
	android:name
		ADDED from src/main/AndroidManifest.xml:89:13-67
meta-data#android.support.FILE_PROVIDER_PATHS
ADDED from src/main/AndroidManifest.xml:93:13-95:53
	android:resource
		ADDED from src/main/AndroidManifest.xml:95:17-50
	android:name
		ADDED from src/main/AndroidManifest.xml:94:17-67
uses-sdk
INJECTED from src/main/AndroidManifest.xml reason: use-sdk injection requested
MERGED from [com.indooratlas.android:indooratlas-android-sdk:2.4.2] AndroidManifest.xml:7:5-9:41
MERGED from [com.google.android.gms:play-services-maps:11.0.4] AndroidManifest.xml:23:5-43
MERGED from [com.google.android.gms:play-services-base:11.0.4] AndroidManifest.xml:17:5-43
MERGED from [com.google.android.gms:play-services-tasks:11.0.4] AndroidManifest.xml:3:5-43
MERGED from [com.google.android.gms:play-services-basement:11.0.4] AndroidManifest.xml:17:5-43
MERGED from [com.google.maps.android:android-maps-utils:0.5] AndroidManifest.xml:5:5-43
MERGED from [com.davemorrissey.labs:subsampling-scale-image-view:3.2.0] AndroidManifest.xml:7:5-9:41
MERGED from [com.android.support:design:25.3.1] AndroidManifest.xml:21:5-23:62
MERGED from [com.android.support:appcompat-v7:25.3.1] AndroidManifest.xml:21:5-23:78
MERGED from [com.android.support:animated-vector-drawable:25.3.1] AndroidManifest.xml:20:5-44
MERGED from [com.android.support:support-vector-drawable:25.3.1] AndroidManifest.xml:20:5-43
MERGED from [com.android.support:recyclerview-v7:25.3.1] AndroidManifest.xml:20:5-43
MERGED from [com.android.support:transition:25.3.1] AndroidManifest.xml:20:5-44
MERGED from [com.github.MKergall:osmbonuspack:6.2] AndroidManifest.xml:7:5-9:41
MERGED from [com.android.support:support-v4:25.3.1] AndroidManifest.xml:21:5-23:54
MERGED from [com.android.support:support-fragment:25.3.1] AndroidManifest.xml:21:5-23:60
MERGED from [com.android.support:support-media-compat:25.3.1] AndroidManifest.xml:21:5-23:63
MERGED from [com.android.support:support-core-ui:25.3.1] AndroidManifest.xml:21:5-23:58
MERGED from [com.android.support:support-core-utils:25.3.1] AndroidManifest.xml:21:5-23:61
MERGED from [com.android.support:support-compat:25.3.1] AndroidManifest.xml:21:5-23:58
MERGED from [org.osmdroid:osmdroid-android:5.6.4] AndroidManifest.xml:7:5-9:41
	tools:overrideLibrary
		ADDED from [com.android.support:design:25.3.1] AndroidManifest.xml:23:9-59
	android:targetSdkVersion
		INJECTED from src/main/AndroidManifest.xml
		INJECTED from src/main/AndroidManifest.xml
	android:minSdkVersion
		INJECTED from src/main/AndroidManifest.xml
		INJECTED from src/main/AndroidManifest.xml
uses-permission#android.permission.ACCESS_NETWORK_STATE
ADDED from [com.indooratlas.android:indooratlas-android-sdk:2.4.2] AndroidManifest.xml:11:5-79
MERGED from [com.google.android.gms:play-services-maps:11.0.4] AndroidManifest.xml:19:5-78
MERGED from [org.osmdroid:osmdroid-android:5.6.4] AndroidManifest.xml:19:5-79
	android:name
		ADDED from [com.indooratlas.android:indooratlas-android-sdk:2.4.2] AndroidManifest.xml:11:22-76
uses-permission#android.permission.CHANGE_WIFI_STATE
ADDED from [com.indooratlas.android:indooratlas-android-sdk:2.4.2] AndroidManifest.xml:13:5-76
	android:name
		ADDED from [com.indooratlas.android:indooratlas-android-sdk:2.4.2] AndroidManifest.xml:13:22-73
uses-permission#android.permission.ACCESS_WIFI_STATE
ADDED from [com.indooratlas.android:indooratlas-android-sdk:2.4.2] AndroidManifest.xml:14:5-76
MERGED from [org.osmdroid:osmdroid-android:5.6.4] AndroidManifest.xml:18:5-76
	android:name
		ADDED from [com.indooratlas.android:indooratlas-android-sdk:2.4.2] AndroidManifest.xml:14:22-73
uses-permission#android.permission.ACCESS_COARSE_LOCATION
ADDED from [com.indooratlas.android:indooratlas-android-sdk:2.4.2] AndroidManifest.xml:15:5-81
MERGED from [org.osmdroid:osmdroid-android:5.6.4] AndroidManifest.xml:17:5-81
	android:name
		ADDED from [com.indooratlas.android:indooratlas-android-sdk:2.4.2] AndroidManifest.xml:15:22-78
uses-feature#android.hardware.sensor.accelerometer
ADDED from [com.indooratlas.android:indooratlas-android-sdk:2.4.2] AndroidManifest.xml:17:5-19:36
	android:required
		ADDED from [com.indooratlas.android:indooratlas-android-sdk:2.4.2] AndroidManifest.xml:19:9-33
	android:name
		ADDED from [com.indooratlas.android:indooratlas-android-sdk:2.4.2] AndroidManifest.xml:18:9-61
uses-feature#android.hardware.sensor.compass
ADDED from [com.indooratlas.android:indooratlas-android-sdk:2.4.2] AndroidManifest.xml:20:5-22:36
	android:required
		ADDED from [com.indooratlas.android:indooratlas-android-sdk:2.4.2] AndroidManifest.xml:22:9-33
	android:name
		ADDED from [com.indooratlas.android:indooratlas-android-sdk:2.4.2] AndroidManifest.xml:21:9-55
uses-feature#android.hardware.sensor.gyroscope
ADDED from [com.indooratlas.android:indooratlas-android-sdk:2.4.2] AndroidManifest.xml:23:5-25:36
	android:required
		ADDED from [com.indooratlas.android:indooratlas-android-sdk:2.4.2] AndroidManifest.xml:25:9-33
	android:name
		ADDED from [com.indooratlas.android:indooratlas-android-sdk:2.4.2] AndroidManifest.xml:24:9-57
uses-feature#android.hardware.wifi
ADDED from [com.indooratlas.android:indooratlas-android-sdk:2.4.2] AndroidManifest.xml:26:5-28:35
MERGED from [org.osmdroid:osmdroid-android:5.6.4] AndroidManifest.xml:33:5-35:36
	android:required
		ADDED from [com.indooratlas.android:indooratlas-android-sdk:2.4.2] AndroidManifest.xml:28:9-32
	android:name
		ADDED from [com.indooratlas.android:indooratlas-android-sdk:2.4.2] AndroidManifest.xml:27:9-45
service#com.indooratlas.android.sdk.IALocationService
ADDED from [com.indooratlas.android:indooratlas-android-sdk:2.4.2] AndroidManifest.xml:31:9-33:49
	android:label
		ADDED from [com.indooratlas.android:indooratlas-android-sdk:2.4.2] AndroidManifest.xml:33:13-46
	android:name
		ADDED from [com.indooratlas.android:indooratlas-android-sdk:2.4.2] AndroidManifest.xml:32:13-73
activity#com.google.android.gms.common.api.GoogleApiActivity
ADDED from [com.google.android.gms:play-services-base:11.0.4] AndroidManifest.xml:19:9-172
	android:exported
		ADDED from [com.google.android.gms:play-services-base:11.0.4] AndroidManifest.xml:19:146-170
	android:theme
		ADDED from [com.google.android.gms:play-services-base:11.0.4] AndroidManifest.xml:19:86-145
	android:name
		ADDED from [com.google.android.gms:play-services-base:11.0.4] AndroidManifest.xml:19:19-85
meta-data#android.support.VERSION
ADDED from [com.android.support:design:25.3.1] AndroidManifest.xml:25:5-27:34
MERGED from [com.android.support:appcompat-v7:25.3.1] AndroidManifest.xml:25:5-27:34
MERGED from [com.android.support:animated-vector-drawable:25.3.1] AndroidManifest.xml:22:5-24:34
MERGED from [com.android.support:support-vector-drawable:25.3.1] AndroidManifest.xml:22:5-24:34
MERGED from [com.android.support:recyclerview-v7:25.3.1] AndroidManifest.xml:22:5-24:34
MERGED from [com.android.support:transition:25.3.1] AndroidManifest.xml:22:5-24:34
MERGED from [com.android.support:support-v4:25.3.1] AndroidManifest.xml:25:5-27:34
MERGED from [com.android.support:support-fragment:25.3.1] AndroidManifest.xml:25:5-27:34
MERGED from [com.android.support:support-media-compat:25.3.1] AndroidManifest.xml:25:5-27:34
MERGED from [com.android.support:support-core-ui:25.3.1] AndroidManifest.xml:25:5-27:34
MERGED from [com.android.support:support-core-utils:25.3.1] AndroidManifest.xml:25:5-27:34
MERGED from [com.android.support:support-compat:25.3.1] AndroidManifest.xml:25:5-27:34
	android:value
		ADDED from [com.android.support:design:25.3.1] AndroidManifest.xml:27:9-31
	android:name
		ADDED from [com.android.support:design:25.3.1] AndroidManifest.xml:26:9-47
supports-screens
ADDED from [org.osmdroid:osmdroid-android:5.6.4] AndroidManifest.xml:11:5-14:40
	android:largeScreens
		ADDED from [org.osmdroid:osmdroid-android:5.6.4] AndroidManifest.xml:13:9-36
	android:normalScreens
		ADDED from [org.osmdroid:osmdroid-android:5.6.4] AndroidManifest.xml:14:9-37
	android:anyDensity
		ADDED from [org.osmdroid:osmdroid-android:5.6.4] AndroidManifest.xml:12:9-34
uses-permission#android.permission.READ_EXTERNAL_STORAGE
ADDED from [org.osmdroid:osmdroid-android:5.6.4] AndroidManifest.xml:22:5-80
IMPLIED from src/main/AndroidManifest.xml:2:1-100:12 reason: org.osmdroid.library requested WRITE_EXTERNAL_STORAGE
	android:name
		ADDED from [org.osmdroid:osmdroid-android:5.6.4] AndroidManifest.xml:22:22-77
uses-feature#android.hardware.location.network
ADDED from [org.osmdroid:osmdroid-android:5.6.4] AndroidManifest.xml:24:5-26:36
	android:required
		ADDED from [org.osmdroid:osmdroid-android:5.6.4] AndroidManifest.xml:26:9-33
	android:name
		ADDED from [org.osmdroid:osmdroid-android:5.6.4] AndroidManifest.xml:25:9-57
uses-feature#android.hardware.location.gps
ADDED from [org.osmdroid:osmdroid-android:5.6.4] AndroidManifest.xml:27:5-29:36
	android:required
		ADDED from [org.osmdroid:osmdroid-android:5.6.4] AndroidManifest.xml:29:9-33
	android:name
		ADDED from [org.osmdroid:osmdroid-android:5.6.4] AndroidManifest.xml:28:9-53
uses-feature#android.hardware.telephony
ADDED from [org.osmdroid:osmdroid-android:5.6.4] AndroidManifest.xml:30:5-32:36
	android:required
		ADDED from [org.osmdroid:osmdroid-android:5.6.4] AndroidManifest.xml:32:9-33
	android:name
		ADDED from [org.osmdroid:osmdroid-android:5.6.4] AndroidManifest.xml:31:9-50